<?xml version="1.0" encoding="UTF-8"?>
<testng-results skipped="0" failed="0" ignored="0" total="1" passed="1">
  <reporter-output>
    <line>
      <![CDATA[Element is visible]]>
    </line>
  </reporter-output>
  <suite name="Default suite" duration-ms="485483" started-at="2020-01-14T15:07:54Z" finished-at="2020-01-14T15:15:59Z">
    <groups>
    </groups>
    <test name="Default test" duration-ms="485483" started-at="2020-01-14T15:07:54Z" finished-at="2020-01-14T15:15:59Z">
      <class name="scripts.InvalidLogin">
        <test-method status="PASS" signature="openApplication()[pri:0, instance:scripts.InvalidLogin@72a7c7e0]" name="openApplication" is-config="true" duration-ms="30170" started-at="2020-01-14T20:37:54Z" finished-at="2020-01-14T20:38:24Z">
          <reporter-output>
          </reporter-output>
        </test-method> <!-- openApplication -->
        <test-method status="PASS" signature="testInvalidLogin()[pri:0, instance:scripts.InvalidLogin@72a7c7e0]" name="testInvalidLogin" duration-ms="372734" started-at="2020-01-14T20:38:24Z" finished-at="2020-01-14T20:44:37Z">
          <reporter-output>
            <line>
              <![CDATA[Element is visible]]>
            </line>
          </reporter-output>
        </test-method> <!-- testInvalidLogin -->
        <test-method status="PASS" signature="closeApplication()[pri:0, instance:scripts.InvalidLogin@72a7c7e0]" name="closeApplication" is-config="true" duration-ms="2380" started-at="2020-01-14T20:44:47Z" finished-at="2020-01-14T20:44:49Z">
          <reporter-output>
          </reporter-output>
        </test-method> <!-- closeApplication -->
      </class> <!-- scripts.InvalidLogin -->
    </test> <!-- Default test -->
  </suite> <!-- Default suite -->
</testng-results>
